<?xml version="1.0" encoding="UTF-8"?>
<!-- Generated by org.testng.reporters.JUnitReportReporter -->
<testsuite hostname="DESKTOP-5NEEPGF" failures="0" tests="1" name="Script.FirstScript" time="4.765" errors="0" timestamp="2024-05-21T08:58:07 PDT" skipped="0">
  <testcase classname="Script.FirstScript" name="test01" time="4.765"/>
  <system-out/>
</testsuite> <!-- Script.FirstScript -->
